==8465== Helgrind, a thread error detector
==8465== Copyright (C) 2007-2017, and GNU GPL'd, by OpenWorks LLP et al.
==8465== Using Valgrind-3.22.0 and LibVEX; rerun with -h for copyright info
==8465== Command: ./philo 5 800 100 100 2
==8465== Parent PID: 927
==8465== 
==8465== ---Thread-Announcement------------------------------------------
==8465== 
==8465== Thread #5 was created
==8465==    at 0x4993A23: clone (clone.S:76)
==8465==    by 0x4993BA2: __clone_internal_fallback (clone-internal.c:64)
==8465==    by 0x4993BA2: __clone_internal (clone-internal.c:109)
==8465==    by 0x490654F: create_thread (pthread_create.c:297)
==8465==    by 0x49071A4: pthread_create@@GLIBC_2.34 (pthread_create.c:836)
==8465==    by 0x4854975: ??? (in /usr/libexec/valgrind/vgpreload_helgrind-amd64-linux.so)
==8465==    by 0x109E8C: ft_simulate (in /root/42YEREVAN_philosophers/philo/philo)
==8465==    by 0x109960: main (in /root/42YEREVAN_philosophers/philo/philo)
==8465== 
==8465== ----------------------------------------------------------------
==8465== 
==8465== Thread #5: lock order "0x1FFEFFB048 before 0x1FFEFFB020" violated
==8465== 
==8465== Observed (incorrect) order is: acquisition of lock at 0x1FFEFFB020
==8465==    at 0x48512DC: ??? (in /usr/libexec/valgrind/vgpreload_helgrind-amd64-linux.so)
==8465==    by 0x109B3A: meal_simulation (in /root/42YEREVAN_philosophers/philo/philo)
==8465==    by 0x109D33: ft_thread (in /root/42YEREVAN_philosophers/philo/philo)
==8465==    by 0x4854B7A: ??? (in /usr/libexec/valgrind/vgpreload_helgrind-amd64-linux.so)
==8465==    by 0x4906AA3: start_thread (pthread_create.c:447)
==8465==    by 0x4993A33: clone (clone.S:100)
==8465== 
==8465==  followed by a later acquisition of lock at 0x1FFEFFB048
==8465==    at 0x48512DC: ??? (in /usr/libexec/valgrind/vgpreload_helgrind-amd64-linux.so)
==8465==    by 0x109BD9: meal_simulation (in /root/42YEREVAN_philosophers/philo/philo)
==8465==    by 0x109D33: ft_thread (in /root/42YEREVAN_philosophers/philo/philo)
==8465==    by 0x4854B7A: ??? (in /usr/libexec/valgrind/vgpreload_helgrind-amd64-linux.so)
==8465==    by 0x4906AA3: start_thread (pthread_create.c:447)
==8465==    by 0x4993A33: clone (clone.S:100)
==8465== 
==8465==  Lock at 0x1FFEFFB048 was first observed
==8465==    at 0x48562EB: pthread_mutex_init (in /usr/libexec/valgrind/vgpreload_helgrind-amd64-linux.so)
==8465==    by 0x109449: ft_init_mutexses (in /root/42YEREVAN_philosophers/philo/philo)
==8465==    by 0x109682: ft_init (in /root/42YEREVAN_philosophers/philo/philo)
==8465==    by 0x109933: main (in /root/42YEREVAN_philosophers/philo/philo)
==8465==  Address 0x1ffeffb048 is on thread #1's stack
==8465==  in frame #6, created by main (???:)
==8465== 
==8465==  Lock at 0x1FFEFFB020 was first observed
==8465==    at 0x48562EB: pthread_mutex_init (in /usr/libexec/valgrind/vgpreload_helgrind-amd64-linux.so)
==8465==    by 0x109449: ft_init_mutexses (in /root/42YEREVAN_philosophers/philo/philo)
==8465==    by 0x109682: ft_init (in /root/42YEREVAN_philosophers/philo/philo)
==8465==    by 0x109933: main (in /root/42YEREVAN_philosophers/philo/philo)
==8465==  Address 0x1ffeffb020 is on thread #1's stack
==8465==  in frame #6, created by main (???:)
==8465== 
==8465== 
==8465== ---Thread-Announcement------------------------------------------
==8465== 
==8465== Thread #2 was created
==8465==    at 0x4993A23: clone (clone.S:76)
==8465==    by 0x4993BA2: __clone_internal_fallback (clone-internal.c:64)
==8465==    by 0x4993BA2: __clone_internal (clone-internal.c:109)
==8465==    by 0x490654F: create_thread (pthread_create.c:297)
==8465==    by 0x49071A4: pthread_create@@GLIBC_2.34 (pthread_create.c:836)
==8465==    by 0x4854975: ??? (in /usr/libexec/valgrind/vgpreload_helgrind-amd64-linux.so)
==8465==    by 0x109E8C: ft_simulate (in /root/42YEREVAN_philosophers/philo/philo)
==8465==    by 0x109960: main (in /root/42YEREVAN_philosophers/philo/philo)
==8465== 
==8465== ----------------------------------------------------------------
==8465== 
==8465== Thread #2: lock order "0x1FFEFFAFD0 before 0x1FFEFFAFA8" violated
==8465== 
==8465== Observed (incorrect) order is: acquisition of lock at 0x1FFEFFAFA8
==8465==    at 0x48512DC: ??? (in /usr/libexec/valgrind/vgpreload_helgrind-amd64-linux.so)
==8465==    by 0x109B3A: meal_simulation (in /root/42YEREVAN_philosophers/philo/philo)
==8465==    by 0x109D33: ft_thread (in /root/42YEREVAN_philosophers/philo/philo)
==8465==    by 0x4854B7A: ??? (in /usr/libexec/valgrind/vgpreload_helgrind-amd64-linux.so)
==8465==    by 0x4906AA3: start_thread (pthread_create.c:447)
==8465==    by 0x4993A33: clone (clone.S:100)
==8465== 
==8465==  followed by a later acquisition of lock at 0x1FFEFFAFD0
==8465==    at 0x48512DC: ??? (in /usr/libexec/valgrind/vgpreload_helgrind-amd64-linux.so)
==8465==    by 0x109BD9: meal_simulation (in /root/42YEREVAN_philosophers/philo/philo)
==8465==    by 0x109D33: ft_thread (in /root/42YEREVAN_philosophers/philo/philo)
==8465==    by 0x4854B7A: ??? (in /usr/libexec/valgrind/vgpreload_helgrind-amd64-linux.so)
==8465==    by 0x4906AA3: start_thread (pthread_create.c:447)
==8465==    by 0x4993A33: clone (clone.S:100)
==8465== 
==8465==  Lock at 0x1FFEFFAFD0 was first observed
==8465==    at 0x48562EB: pthread_mutex_init (in /usr/libexec/valgrind/vgpreload_helgrind-amd64-linux.so)
==8465==    by 0x109449: ft_init_mutexses (in /root/42YEREVAN_philosophers/philo/philo)
==8465==    by 0x109682: ft_init (in /root/42YEREVAN_philosophers/philo/philo)
==8465==    by 0x109933: main (in /root/42YEREVAN_philosophers/philo/philo)
==8465==  Address 0x1ffeffafd0 is on thread #1's stack
==8465==  in frame #6, created by main (???:)
==8465== 
==8465==  Lock at 0x1FFEFFAFA8 was first observed
==8465==    at 0x48562EB: pthread_mutex_init (in /usr/libexec/valgrind/vgpreload_helgrind-amd64-linux.so)
==8465==    by 0x109449: ft_init_mutexses (in /root/42YEREVAN_philosophers/philo/philo)
==8465==    by 0x109682: ft_init (in /root/42YEREVAN_philosophers/philo/philo)
==8465==    by 0x109933: main (in /root/42YEREVAN_philosophers/philo/philo)
==8465==  Address 0x1ffeffafa8 is on thread #1's stack
==8465==  in frame #6, created by main (???:)
==8465== 
==8465== 
==8465== ---Thread-Announcement------------------------------------------
==8465== 
==8465== Thread #4 was created
==8465==    at 0x4993A23: clone (clone.S:76)
==8465==    by 0x4993BA2: __clone_internal_fallback (clone-internal.c:64)
==8465==    by 0x4993BA2: __clone_internal (clone-internal.c:109)
==8465==    by 0x490654F: create_thread (pthread_create.c:297)
==8465==    by 0x49071A4: pthread_create@@GLIBC_2.34 (pthread_create.c:836)
==8465==    by 0x4854975: ??? (in /usr/libexec/valgrind/vgpreload_helgrind-amd64-linux.so)
==8465==    by 0x109E8C: ft_simulate (in /root/42YEREVAN_philosophers/philo/philo)
==8465==    by 0x109960: main (in /root/42YEREVAN_philosophers/philo/philo)
==8465== 
==8465== ----------------------------------------------------------------
==8465== 
==8465== Thread #4: lock order "0x1FFEFFB020 before 0x1FFEFFAFF8" violated
==8465== 
==8465== Observed (incorrect) order is: acquisition of lock at 0x1FFEFFAFF8
==8465==    at 0x48512DC: ??? (in /usr/libexec/valgrind/vgpreload_helgrind-amd64-linux.so)
==8465==    by 0x109B3A: meal_simulation (in /root/42YEREVAN_philosophers/philo/philo)
==8465==    by 0x109D33: ft_thread (in /root/42YEREVAN_philosophers/philo/philo)
==8465==    by 0x4854B7A: ??? (in /usr/libexec/valgrind/vgpreload_helgrind-amd64-linux.so)
==8465==    by 0x4906AA3: start_thread (pthread_create.c:447)
==8465==    by 0x4993A33: clone (clone.S:100)
==8465== 
==8465==  followed by a later acquisition of lock at 0x1FFEFFB020
==8465==    at 0x48512DC: ??? (in /usr/libexec/valgrind/vgpreload_helgrind-amd64-linux.so)
==8465==    by 0x109BD9: meal_simulation (in /root/42YEREVAN_philosophers/philo/philo)
==8465==    by 0x109D33: ft_thread (in /root/42YEREVAN_philosophers/philo/philo)
==8465==    by 0x4854B7A: ??? (in /usr/libexec/valgrind/vgpreload_helgrind-amd64-linux.so)
==8465==    by 0x4906AA3: start_thread (pthread_create.c:447)
==8465==    by 0x4993A33: clone (clone.S:100)
==8465== 
==8465==  Lock at 0x1FFEFFB020 was first observed
==8465==    at 0x48562EB: pthread_mutex_init (in /usr/libexec/valgrind/vgpreload_helgrind-amd64-linux.so)
==8465==    by 0x109449: ft_init_mutexses (in /root/42YEREVAN_philosophers/philo/philo)
==8465==    by 0x109682: ft_init (in /root/42YEREVAN_philosophers/philo/philo)
==8465==    by 0x109933: main (in /root/42YEREVAN_philosophers/philo/philo)
==8465==  Address 0x1ffeffb020 is on thread #1's stack
==8465==  in frame #6, created by main (???:)
==8465== 
==8465==  Lock at 0x1FFEFFAFF8 was first observed
==8465==    at 0x48562EB: pthread_mutex_init (in /usr/libexec/valgrind/vgpreload_helgrind-amd64-linux.so)
==8465==    by 0x109449: ft_init_mutexses (in /root/42YEREVAN_philosophers/philo/philo)
==8465==    by 0x109682: ft_init (in /root/42YEREVAN_philosophers/philo/philo)
==8465==    by 0x109933: main (in /root/42YEREVAN_philosophers/philo/philo)
==8465==  Address 0x1ffeffaff8 is on thread #1's stack
==8465==  in frame #6, created by main (???:)
==8465== 
==8465== 
==8465== ---Thread-Announcement------------------------------------------
==8465== 
==8465== Thread #6 was created
==8465==    at 0x4993A23: clone (clone.S:76)
==8465==    by 0x4993BA2: __clone_internal_fallback (clone-internal.c:64)
==8465==    by 0x4993BA2: __clone_internal (clone-internal.c:109)
==8465==    by 0x490654F: create_thread (pthread_create.c:297)
==8465==    by 0x49071A4: pthread_create@@GLIBC_2.34 (pthread_create.c:836)
==8465==    by 0x4854975: ??? (in /usr/libexec/valgrind/vgpreload_helgrind-amd64-linux.so)
==8465==    by 0x109E8C: ft_simulate (in /root/42YEREVAN_philosophers/philo/philo)
==8465==    by 0x109960: main (in /root/42YEREVAN_philosophers/philo/philo)
==8465== 
==8465== ----------------------------------------------------------------
==8465== 
==8465== Thread #6: lock order "0x1FFEFFAFA8 before 0x1FFEFFB048" violated
==8465== 
==8465== Observed (incorrect) order is: acquisition of lock at 0x1FFEFFB048
==8465==    at 0x48512DC: ??? (in /usr/libexec/valgrind/vgpreload_helgrind-amd64-linux.so)
==8465==    by 0x109B3A: meal_simulation (in /root/42YEREVAN_philosophers/philo/philo)
==8465==    by 0x109D33: ft_thread (in /root/42YEREVAN_philosophers/philo/philo)
==8465==    by 0x4854B7A: ??? (in /usr/libexec/valgrind/vgpreload_helgrind-amd64-linux.so)
==8465==    by 0x4906AA3: start_thread (pthread_create.c:447)
==8465==    by 0x4993A33: clone (clone.S:100)
==8465== 
==8465==  followed by a later acquisition of lock at 0x1FFEFFAFA8
==8465==    at 0x48512DC: ??? (in /usr/libexec/valgrind/vgpreload_helgrind-amd64-linux.so)
==8465==    by 0x109BD9: meal_simulation (in /root/42YEREVAN_philosophers/philo/philo)
==8465==    by 0x109D33: ft_thread (in /root/42YEREVAN_philosophers/philo/philo)
==8465==    by 0x4854B7A: ??? (in /usr/libexec/valgrind/vgpreload_helgrind-amd64-linux.so)
==8465==    by 0x4906AA3: start_thread (pthread_create.c:447)
==8465==    by 0x4993A33: clone (clone.S:100)
==8465== 
==8465==  Lock at 0x1FFEFFAFA8 was first observed
==8465==    at 0x48562EB: pthread_mutex_init (in /usr/libexec/valgrind/vgpreload_helgrind-amd64-linux.so)
==8465==    by 0x109449: ft_init_mutexses (in /root/42YEREVAN_philosophers/philo/philo)
==8465==    by 0x109682: ft_init (in /root/42YEREVAN_philosophers/philo/philo)
==8465==    by 0x109933: main (in /root/42YEREVAN_philosophers/philo/philo)
==8465==  Address 0x1ffeffafa8 is on thread #1's stack
==8465==  in frame #6, created by main (???:)
==8465== 
==8465==  Lock at 0x1FFEFFB048 was first observed
==8465==    at 0x48562EB: pthread_mutex_init (in /usr/libexec/valgrind/vgpreload_helgrind-amd64-linux.so)
==8465==    by 0x109449: ft_init_mutexses (in /root/42YEREVAN_philosophers/philo/philo)
==8465==    by 0x109682: ft_init (in /root/42YEREVAN_philosophers/philo/philo)
==8465==    by 0x109933: main (in /root/42YEREVAN_philosophers/philo/philo)
==8465==  Address 0x1ffeffb048 is on thread #1's stack
==8465==  in frame #6, created by main (???:)
==8465== 
==8465== 
==8465== ---Thread-Announcement------------------------------------------
==8465== 
==8465== Thread #3 was created
==8465==    at 0x4993A23: clone (clone.S:76)
==8465==    by 0x4993BA2: __clone_internal_fallback (clone-internal.c:64)
==8465==    by 0x4993BA2: __clone_internal (clone-internal.c:109)
==8465==    by 0x490654F: create_thread (pthread_create.c:297)
==8465==    by 0x49071A4: pthread_create@@GLIBC_2.34 (pthread_create.c:836)
==8465==    by 0x4854975: ??? (in /usr/libexec/valgrind/vgpreload_helgrind-amd64-linux.so)
==8465==    by 0x109E8C: ft_simulate (in /root/42YEREVAN_philosophers/philo/philo)
==8465==    by 0x109960: main (in /root/42YEREVAN_philosophers/philo/philo)
==8465== 
==8465== ----------------------------------------------------------------
==8465== 
==8465== Thread #3: lock order "0x1FFEFFAFF8 before 0x1FFEFFAFD0" violated
==8465== 
==8465== Observed (incorrect) order is: acquisition of lock at 0x1FFEFFAFD0
==8465==    at 0x48512DC: ??? (in /usr/libexec/valgrind/vgpreload_helgrind-amd64-linux.so)
==8465==    by 0x109B3A: meal_simulation (in /root/42YEREVAN_philosophers/philo/philo)
==8465==    by 0x109D33: ft_thread (in /root/42YEREVAN_philosophers/philo/philo)
==8465==    by 0x4854B7A: ??? (in /usr/libexec/valgrind/vgpreload_helgrind-amd64-linux.so)
==8465==    by 0x4906AA3: start_thread (pthread_create.c:447)
==8465==    by 0x4993A33: clone (clone.S:100)
==8465== 
==8465==  followed by a later acquisition of lock at 0x1FFEFFAFF8
==8465==    at 0x48512DC: ??? (in /usr/libexec/valgrind/vgpreload_helgrind-amd64-linux.so)
==8465==    by 0x109BD9: meal_simulation (in /root/42YEREVAN_philosophers/philo/philo)
==8465==    by 0x109D33: ft_thread (in /root/42YEREVAN_philosophers/philo/philo)
==8465==    by 0x4854B7A: ??? (in /usr/libexec/valgrind/vgpreload_helgrind-amd64-linux.so)
==8465==    by 0x4906AA3: start_thread (pthread_create.c:447)
==8465==    by 0x4993A33: clone (clone.S:100)
==8465== 
==8465==  Lock at 0x1FFEFFAFF8 was first observed
==8465==    at 0x48562EB: pthread_mutex_init (in /usr/libexec/valgrind/vgpreload_helgrind-amd64-linux.so)
==8465==    by 0x109449: ft_init_mutexses (in /root/42YEREVAN_philosophers/philo/philo)
==8465==    by 0x109682: ft_init (in /root/42YEREVAN_philosophers/philo/philo)
==8465==    by 0x109933: main (in /root/42YEREVAN_philosophers/philo/philo)
==8465==  Address 0x1ffeffaff8 is on thread #1's stack
==8465==  in frame #6, created by main (???:)
==8465== 
==8465==  Lock at 0x1FFEFFAFD0 was first observed
==8465==    at 0x48562EB: pthread_mutex_init (in /usr/libexec/valgrind/vgpreload_helgrind-amd64-linux.so)
==8465==    by 0x109449: ft_init_mutexses (in /root/42YEREVAN_philosophers/philo/philo)
==8465==    by 0x109682: ft_init (in /root/42YEREVAN_philosophers/philo/philo)
==8465==    by 0x109933: main (in /root/42YEREVAN_philosophers/philo/philo)
==8465==  Address 0x1ffeffafd0 is on thread #1's stack
==8465==  in frame #6, created by main (???:)
==8465== 
==8465== 
==8465== 
==8465== Use --history-level=approx or =none to gain increased speed, at
==8465== the cost of reduced accuracy of conflicting-access information
==8465== For lists of detected and suppressed errors, rerun with: -s
==8465== ERROR SUMMARY: 6 errors from 5 contexts (suppressed: 11355 from 82)
